<?xml version="1.0" encoding="UTF-8"?><testsuite errors="1" failures="0" name="Buscar 5 prodcutos en la caja de texto de adidas Colombia" skipped="0" tests="1" time="13.62" timestamp="2022-08-04 12:04:05"><testcase name=""><error message="no such element: Unable to locate element: {&quot;method&quot;:&quot;xpath&quot;,&quot;selector&quot;:&quot;(//h1[@class='gl-heading gl-heading--regular gl-heading--italic name___1EbZs'])[2]&quot;}&#10;  (Session info: chrome=104.0.5112.81)&#10;For documentation on this error, please visit: https://www.seleniumhq.org/exceptions/no_such_element.html&#10;Build info: version: '3.141.59', revision: 'e82be7d358', time: '2018-11-14T08:17:03'&#10;System info: host: 'DESKTOP-MKH42D5', ip: '192.168.1.3', os.name: 'Windows 10', os.arch: 'amd64', os.version: '10.0', java.version: '1.8.0_111'&#10;Driver info: org.openqa.selenium.chrome.ChromeDriver&#10;Capabilities {acceptInsecureCerts: false, browserName: chrome, browserVersion: 104.0.5112.81, chrome: {chromedriverVersion: 103.0.5060.53 (a1711811edd7..., userDataDir: C:\Users\felip\AppData\Loca...}, goog:chromeOptions: {debuggerAddress: localhost:57335}, javascriptEnabled: true, networkConnectionEnabled: false, pageLoadStrategy: normal, platform: WINDOWS, platformName: WINDOWS, proxy: Proxy(), setWindowRect: true, strictFileInteractability: false, timeouts: {implicit: 0, pageLoad: 300000, script: 30000}, unhandledPromptBehavior: dismiss and notify, webauthn:extension:credBlob: true, webauthn:extension:largeBlob: true, webauthn:virtualAuthenticators: true}&#10;Session ID: 5b806372ea0bf8a2ffdda4e5db44f32f&#10;*** Element info: {Using=xpath, value=(//h1[@class='gl-heading gl-heading--regular gl-heading--italic name___1EbZs'])[2]}&#10;For documentation on this error, please visit: https://www.seleniumhq.org/exceptions/no_such_element.html&#10;Build info: version: '3.141.59', revision: 'e82be7d358', time: '2018-11-14T08:17:03'&#10;System info: host: 'DESKTOP-MKH42D5', ip: '192.168.1.3', os.name: 'Windows 10', os.arch: 'amd64', os.version: '10.0', java.version: '1.8.0_111'&#10;Driver info: driver.version: unknown" type="org.openqa.selenium.NoSuchElementException">no such element: Unable to locate element: {"method":"xpath","selector":"(//h1[@class='gl-heading gl-heading--regular gl-heading--italic name___1EbZs'])[2]"}
  (Session info: chrome=104.0.5112.81)
For documentation on this error, please visit: https://www.seleniumhq.org/exceptions/no_such_element.html
Build info: version: '3.141.59', revision: 'e82be7d358', time: '2018-11-14T08:17:03'
System info: host: 'DESKTOP-MKH42D5', ip: '192.168.1.3', os.name: 'Windows 10', os.arch: 'amd64', os.version: '10.0', java.version: '1.8.0_111'
Driver info: org.openqa.selenium.chrome.ChromeDriver
Capabilities {acceptInsecureCerts: false, browserName: chrome, browserVersion: 104.0.5112.81, chrome: {chromedriverVersion: 103.0.5060.53 (a1711811edd7..., userDataDir: C:\Users\felip\AppData\Loca...}, goog:chromeOptions: {debuggerAddress: localhost:57335}, javascriptEnabled: true, networkConnectionEnabled: false, pageLoadStrategy: normal, platform: WINDOWS, platformName: WINDOWS, proxy: Proxy(), setWindowRect: true, strictFileInteractability: false, timeouts: {implicit: 0, pageLoad: 300000, script: 30000}, unhandledPromptBehavior: dismiss and notify, webauthn:extension:credBlob: true, webauthn:extension:largeBlob: true, webauthn:virtualAuthenticators: true}
Session ID: 5b806372ea0bf8a2ffdda4e5db44f32f
*** Element info: {Using=xpath, value=(//h1[@class='gl-heading gl-heading--regular gl-heading--italic name___1EbZs'])[2]}
For documentation on this error, please visit: https://www.seleniumhq.org/exceptions/no_such_element.html
Build info: version: '3.141.59', revision: 'e82be7d358', time: '2018-11-14T08:17:03'
System info: host: 'DESKTOP-MKH42D5', ip: '192.168.1.3', os.name: 'Windows 10', os.arch: 'amd64', os.version: '10.0', java.version: '1.8.0_111'
Driver info: driver.version: unknown</error><system-err>no such element: Unable to locate element: {"method":"xpath","selector":"(//h1[@class='gl-heading gl-heading--regular gl-heading--italic name___1EbZs'])[2]"}
  (Session info: chrome=104.0.5112.81)
For documentation on this error, please visit: https://www.seleniumhq.org/exceptions/no_such_element.html
Build info: version: '3.141.59', revision: 'e82be7d358', time: '2018-11-14T08:17:03'
System info: host: 'DESKTOP-MKH42D5', ip: '192.168.1.3', os.name: 'Windows 10', os.arch: 'amd64', os.version: '10.0', java.version: '1.8.0_111'
Driver info: org.openqa.selenium.chrome.ChromeDriver
Capabilities {acceptInsecureCerts: false, browserName: chrome, browserVersion: 104.0.5112.81, chrome: {chromedriverVersion: 103.0.5060.53 (a1711811edd7..., userDataDir: C:\Users\felip\AppData\Loca...}, goog:chromeOptions: {debuggerAddress: localhost:57335}, javascriptEnabled: true, networkConnectionEnabled: false, pageLoadStrategy: normal, platform: WINDOWS, platformName: WINDOWS, proxy: Proxy(), setWindowRect: true, strictFileInteractability: false, timeouts: {implicit: 0, pageLoad: 300000, script: 30000}, unhandledPromptBehavior: dismiss and notify, webauthn:extension:credBlob: true, webauthn:extension:largeBlob: true, webauthn:virtualAuthenticators: true}
Session ID: 5b806372ea0bf8a2ffdda4e5db44f32f
*** Element info: {Using=xpath, value=(//h1[@class='gl-heading gl-heading--regular gl-heading--italic name___1EbZs'])[2]}
For documentation on this error, please visit: https://www.seleniumhq.org/exceptions/no_such_element.html
Build info: version: '3.141.59', revision: 'e82be7d358', time: '2018-11-14T08:17:03'
System info: host: 'DESKTOP-MKH42D5', ip: '192.168.1.3', os.name: 'Windows 10', os.arch: 'amd64', os.version: '10.0', java.version: '1.8.0_111'
Driver info: driver.version: unknown&#13;
co.adidas.steps.MetodoSeleniumSteps.getTxtelemento(MetodoSeleniumSteps.java:23)&#13;
co.adidas.steps.MetodoSeleniumSteps.validacion(MetodoSeleniumSteps.java:28)&#13;
co.adidas.steps.BusquedaEnCajaTextosteps.buscarProductos(BusquedaEnCajaTextosteps.java:33)&#13;
co.adidas.stepDefinitions.BusquedaEnCajaTextoStepDefinitions.busqueVariosProductosEnLaCajaDeBusqueda(BusquedaEnCajaTextoStepDefinitions.java:30)&#13;
✽.Busque varios productos en la caja de busqueda(src/test/resources/co.adidas/BusquedaEnCajaTexto.feature:5)&#13;
</system-err></testcase></testsuite>